#! /usr/bin/vvp
:ivl_version "10.1 (stable)";
:ivl_delay_selection "TYPICAL";
:vpi_time_precision + 0;
:vpi_module "system";
:vpi_module "vhdl_sys";
:vpi_module "v2005_math";
:vpi_module "va_math";
S_0x55e7c23f9970 .scope module, "adder32" "adder32" 2 112;
 .timescale 0 0;
    .port_info 0 /OUTPUT 32 "result"
    .port_info 1 /INPUT 32 "a"
    .port_info 2 /INPUT 32 "b"
L_0x7f5b90eb0018 .functor BUFT 1, C4<0>, C4<0>, C4<0>, C4<0>;
v0x55e7c2429a70_0 .net/2u *"_s0", 0 0, L_0x7f5b90eb0018;  1 drivers
v0x55e7c24292a0_0 .net *"_s11", 0 0, L_0x55e7c24655a0;  1 drivers
v0x55e7c243e0d0_0 .net *"_s13", 31 0, L_0x55e7c2465690;  1 drivers
v0x55e7c242fef0_0 .net *"_s15", 31 0, L_0x55e7c2465730;  1 drivers
v0x55e7c2435b20_0 .net *"_s2", 32 0, L_0x55e7c2465210;  1 drivers
L_0x7f5b90eb0060 .functor BUFT 1, C4<0>, C4<0>, C4<0>, C4<0>;
v0x55e7c2437d00_0 .net/2u *"_s4", 0 0, L_0x7f5b90eb0060;  1 drivers
v0x55e7c24312a0_0 .net *"_s6", 32 0, L_0x55e7c2465300;  1 drivers
o0x7f5b90ef9168 .functor BUFZ 32, C4<zzzzzzzzzzzzzzzzzzzzzzzzzzzzzzzz>; HiZ drive
v0x55e7c2456900_0 .net "a", 31 0, o0x7f5b90ef9168;  0 drivers
o0x7f5b90ef9198 .functor BUFZ 32, C4<zzzzzzzzzzzzzzzzzzzzzzzzzzzzzzzz>; HiZ drive
v0x55e7c24569e0_0 .net "b", 31 0, o0x7f5b90ef9198;  0 drivers
v0x55e7c2456ac0_0 .net "result", 31 0, L_0x55e7c24658a0;  1 drivers
v0x55e7c2456ba0_0 .net "sum", 32 0, L_0x55e7c24653f0;  1 drivers
L_0x55e7c2465210 .concat [ 32 1 0 0], o0x7f5b90ef9168, L_0x7f5b90eb0018;
L_0x55e7c2465300 .concat [ 32 1 0 0], o0x7f5b90ef9198, L_0x7f5b90eb0060;
L_0x55e7c24653f0 .arith/sum 33, L_0x55e7c2465210, L_0x55e7c2465300;
L_0x55e7c24655a0 .part L_0x55e7c24653f0, 32, 1;
L_0x55e7c2465690 .part L_0x55e7c24653f0, 1, 32;
L_0x55e7c2465730 .part L_0x55e7c24653f0, 0, 32;
L_0x55e7c24658a0 .functor MUXZ 32, L_0x55e7c2465730, L_0x55e7c2465690, L_0x55e7c24655a0, C4<>;
S_0x55e7c2430ad0 .scope module, "mips_tb" "mips_tb" 3 1;
 .timescale 0 0;
v0x55e7c2464bc0_0 .var "clock", 0 0;
S_0x55e7c2456d00 .scope module, "uut" "mips" 3 5, 2 1 0, S_0x55e7c2430ad0;
 .timescale 0 0;
    .port_info 0 /INPUT 1 "clock"
L_0x55e7c2465490 .functor BUFZ 32, v0x55e7c2463110_0, C4<00000000000000000000000000000000>, C4<00000000000000000000000000000000>, C4<00000000000000000000000000000000>;
L_0x55e7c2475a90 .functor BUFZ 32, v0x55e7c24580d0_0, C4<00000000000000000000000000000000>, C4<00000000000000000000000000000000>, C4<00000000000000000000000000000000>;
L_0x55e7c24762e0 .functor AND 1, v0x55e7c2459f70_0, v0x55e7c245abb0_0, C4<1>, C4<1>;
v0x55e7c2461b40_0 .net "add_out", 31 0, v0x55e7c24580d0_0;  1 drivers
v0x55e7c2461c20_0 .net "alu_in_2", 31 0, v0x55e7c245e460_0;  1 drivers
v0x55e7c2461ce0_0 .net "alu_op", 1 0, v0x55e7c245c410_0;  1 drivers
v0x55e7c2461dd0_0 .net "alu_result", 31 0, v0x55e7c2457900_0;  1 drivers
v0x55e7c2461ee0_0 .net "alu_result1", 31 0, v0x55e7c2459ed0_0;  1 drivers
v0x55e7c2461ff0_0 .net "alu_result2", 31 0, v0x55e7c245f810_0;  1 drivers
v0x55e7c2462100_0 .net "alu_sig_wire", 3 0, v0x55e7c2457340_0;  1 drivers
v0x55e7c2462210_0 .net "alu_src", 0 0, v0x55e7c245c500_0;  1 drivers
v0x55e7c2462300_0 .net "branch", 0 0, v0x55e7c2459f70_0;  1 drivers
v0x55e7c24623a0_0 .net "clock", 0 0, v0x55e7c2464bc0_0;  1 drivers
v0x55e7c2462440_0 .net "ex_wire", 3 0, v0x55e7c2458ba0_0;  1 drivers
v0x55e7c24624e0_0 .var "forward_a", 1 0;
v0x55e7c24625c0_0 .net "forward_aa", 1 0, v0x55e7c245b370_0;  1 drivers
v0x55e7c2462680_0 .var "forward_b", 1 0;
v0x55e7c2462740_0 .net "forward_bb", 1 0, v0x55e7c245b450_0;  1 drivers
v0x55e7c2462800_0 .net "funct_and_add_wire", 31 0, v0x55e7c245c850_0;  1 drivers
v0x55e7c24628a0_0 .net "instruction_wire", 31 0, v0x55e7c245be70_0;  1 drivers
v0x55e7c2462ac0_0 .net "instruction_wire1", 31 0, v0x55e7c2460380_0;  1 drivers
v0x55e7c2462b80_0 .net "m_wire", 2 0, v0x55e7c2458ca0_0;  1 drivers
v0x55e7c2462c70_0 .net "m_wire1", 2 0, v0x55e7c245cde0_0;  1 drivers
v0x55e7c2462d80_0 .net "mem_read", 0 0, v0x55e7c245a2b0_0;  1 drivers
v0x55e7c2462e70_0 .net "mem_to_reg", 0 0, v0x55e7c245f970_0;  1 drivers
v0x55e7c2462f60_0 .net "mem_write", 0 0, v0x55e7c245a350_0;  1 drivers
v0x55e7c2463050_0 .net "mux_out", 31 0, v0x55e7c245dd20_0;  1 drivers
v0x55e7c2463110_0 .var "pc", 31 0;
L_0x7f5b90eb00f0 .functor BUFT 1, C4<0>, C4<0>, C4<0>, C4<0>;
RS_0x7f5b90efaab8 .resolv tri, L_0x7f5b90eb00f0, L_0x55e7c24762e0;
v0x55e7c24631d0_0 .net8 "pc_src", 0 0, RS_0x7f5b90efaab8;  2 drivers
L_0x7f5b90eb00a8 .functor BUFT 1, C4<00000000000000000000000000000001>, C4<0>, C4<0>, C4<0>;
v0x55e7c2463270_0 .net "pc_wire", 31 0, L_0x7f5b90eb00a8;  1 drivers
v0x55e7c2463330_0 .net "pc_wire2", 31 0, L_0x55e7c2465490;  1 drivers
v0x55e7c2463440_0 .net "pc_wire3", 31 0, L_0x55e7c2475a90;  1 drivers
v0x55e7c2463520_0 .net "pc_wire4", 31 0, v0x55e7c2460560_0;  1 drivers
v0x55e7c2463630_0 .net "pc_wire5", 31 0, v0x55e7c245cf70_0;  1 drivers
v0x55e7c2463740_0 .net "pc_wire6", 31 0, v0x55e7c2458740_0;  1 drivers
L_0x7f5b90eb0180 .functor BUFT 1, C4<00000000000000000000000000000010>, C4<0>, C4<0>, C4<0>;
RS_0x7f5b90ef9ca8 .resolv tri, v0x55e7c245a4f0_0, L_0x7f5b90eb0180;
v0x55e7c2463850_0 .net8 "pc_wire7", 31 0, RS_0x7f5b90ef9ca8;  2 drivers
L_0x7f5b90eb0138 .functor BUFT 1, C4<00000000000000000000000000000001>, C4<0>, C4<0>, C4<0>;
v0x55e7c2463960_0 .net "pc_wire_add", 31 0, L_0x7f5b90eb0138;  1 drivers
v0x55e7c2463a40_0 .net "read_data1", 31 0, v0x55e7c2460d50_0;  1 drivers
v0x55e7c2463b00_0 .net "read_data1_1", 31 0, v0x55e7c245d130_0;  1 drivers
v0x55e7c2463bc0_0 .net "read_data2", 31 0, v0x55e7c2460e60_0;  1 drivers
v0x55e7c2463cb0_0 .net "read_data2_1", 31 0, v0x55e7c245d2d0_0;  1 drivers
v0x55e7c2463d70_0 .net "read_data_wire", 31 0, v0x55e7c24597c0_0;  1 drivers
v0x55e7c2463e80_0 .net "read_data_wire1", 31 0, v0x55e7c245fb30_0;  1 drivers
v0x55e7c2463f90_0 .net "reg_dst", 0 0, v0x55e7c245d3c0_0;  1 drivers
v0x55e7c2464080_0 .net "reg_write", 0 0, v0x55e7c245fc00_0;  1 drivers
v0x55e7c2464120_0 .net "targ_wire1", 4 0, v0x55e7c245c9d0_0;  1 drivers
v0x55e7c24641e0_0 .net "targ_wire2", 4 0, v0x55e7c245cc10_0;  1 drivers
v0x55e7c24642f0_0 .net "wb_wire", 1 0, v0x55e7c2458e40_0;  1 drivers
v0x55e7c24643b0_0 .net "wb_wire1", 1 0, v0x55e7c245d550_0;  1 drivers
v0x55e7c24644c0_0 .net "wb_wire2", 1 0, v0x55e7c245a670_0;  1 drivers
v0x55e7c2464580_0 .net "write_back_reg_wire", 4 0, v0x55e7c245eaf0_0;  1 drivers
v0x55e7c2464670_0 .net "write_back_reg_wire2", 4 0, v0x55e7c245a830_0;  1 drivers
v0x55e7c2464730_0 .net "write_data", 31 0, v0x55e7c245f1b0_0;  1 drivers
v0x55e7c24647f0_0 .net "write_reg", 4 0, v0x55e7c245fe60_0;  1 drivers
v0x55e7c2464900_0 .net "write_reg_data_mem", 31 0, v0x55e7c245a9f0_0;  1 drivers
v0x55e7c2464a10_0 .net "zero_flag", 0 0, v0x55e7c24579e0_0;  1 drivers
v0x55e7c2464b00_0 .net "zero_flag1", 0 0, v0x55e7c245abb0_0;  1 drivers
L_0x55e7c2475b90 .part v0x55e7c2460380_0, 21, 5;
L_0x55e7c2475c30 .part v0x55e7c2460380_0, 16, 5;
L_0x55e7c2475cd0 .part v0x55e7c2460380_0, 26, 6;
L_0x55e7c2475e00 .part v0x55e7c2460380_0, 16, 5;
L_0x55e7c2475ea0 .part v0x55e7c2460380_0, 11, 5;
L_0x55e7c2475f40 .part v0x55e7c2460380_0, 0, 16;
L_0x55e7c2476020 .part v0x55e7c245c850_0, 0, 6;
L_0x55e7c2476150 .part v0x55e7c2460380_0, 21, 5;
L_0x55e7c2476240 .part v0x55e7c245a670_0, 1, 1;
S_0x55e7c2456ec0 .scope module, "ac1" "alu_control" 2 79, 4 1 0, S_0x55e7c2456d00;
 .timescale 0 0;
    .port_info 0 /INPUT 2 "alu_op"
    .port_info 1 /INPUT 6 "funct"
    .port_info 2 /OUTPUT 4 "out"
v0x55e7c2457160_0 .net "alu_op", 1 0, v0x55e7c245c410_0;  alias, 1 drivers
v0x55e7c2457260_0 .net "funct", 5 0, L_0x55e7c2476020;  1 drivers
v0x55e7c2457340_0 .var "out", 3 0;
E_0x55e7c23debe0 .event edge, v0x55e7c2457160_0, v0x55e7c2457260_0;
S_0x55e7c2457480 .scope module, "al1" "alu" 2 82, 5 1 0, S_0x55e7c2456d00;
 .timescale 0 0;
    .port_info 0 /INPUT 32 "data1"
    .port_info 1 /INPUT 32 "data2"
    .port_info 2 /INPUT 4 "contr_in"
    .port_info 3 /OUTPUT 32 "out"
    .port_info 4 /OUTPUT 1 "zero_flag"
v0x55e7c2457670_0 .net "contr_in", 3 0, v0x55e7c2457340_0;  alias, 1 drivers
v0x55e7c2457750_0 .net "data1", 31 0, v0x55e7c2460d50_0;  alias, 1 drivers
v0x55e7c2457810_0 .net "data2", 31 0, v0x55e7c245e460_0;  alias, 1 drivers
v0x55e7c2457900_0 .var "out", 31 0;
v0x55e7c24579e0_0 .var "zero_flag", 0 0;
E_0x55e7c23dee20 .event edge, v0x55e7c2457340_0, v0x55e7c2457810_0, v0x55e7c2457750_0;
S_0x55e7c2457b90 .scope module, "b1" "bit_32_adder" 2 55, 2 100 0, S_0x55e7c2456d00;
 .timescale 0 0;
    .port_info 0 /INPUT 1 "clock"
    .port_info 1 /INPUT 32 "in1"
    .port_info 2 /INPUT 32 "in2"
    .port_info 3 /OUTPUT 32 "out"
v0x55e7c2457e20_0 .net "clock", 0 0, v0x55e7c2464bc0_0;  alias, 1 drivers
v0x55e7c2457f00_0 .net "in1", 31 0, L_0x55e7c2465490;  alias, 1 drivers
L_0x7f5b90eb01c8 .functor BUFT 1, C4<00000000000000000000000000000001>, C4<0>, C4<0>, C4<0>;
v0x55e7c2457fe0_0 .net "in2", 31 0, L_0x7f5b90eb01c8;  1 drivers
v0x55e7c24580d0_0 .var "out", 31 0;
E_0x55e7c23df4d0 .event posedge, v0x55e7c2457e20_0;
S_0x55e7c2458260 .scope module, "b2" "bit_32_adder" 2 77, 2 100 0, S_0x55e7c2456d00;
 .timescale 0 0;
    .port_info 0 /INPUT 1 "clock"
    .port_info 1 /INPUT 32 "in1"
    .port_info 2 /INPUT 32 "in2"
    .port_info 3 /OUTPUT 32 "out"
v0x55e7c24584a0_0 .net "clock", 0 0, v0x55e7c2464bc0_0;  alias, 1 drivers
v0x55e7c2458590_0 .net "in1", 31 0, v0x55e7c245cf70_0;  alias, 1 drivers
v0x55e7c2458650_0 .net "in2", 31 0, v0x55e7c245c850_0;  alias, 1 drivers
v0x55e7c2458740_0 .var "out", 31 0;
S_0x55e7c24588d0 .scope module, "c1" "control" 2 62, 6 1 0, S_0x55e7c2456d00;
 .timescale 0 0;
    .port_info 0 /INPUT 6 "opcode"
    .port_info 1 /OUTPUT 2 "wb"
    .port_info 2 /OUTPUT 3 "m"
    .port_info 3 /OUTPUT 4 "ex"
v0x55e7c2458ba0_0 .var "ex", 3 0;
v0x55e7c2458ca0_0 .var "m", 2 0;
v0x55e7c2458d80_0 .net "opcode", 5 0, L_0x55e7c2475cd0;  1 drivers
v0x55e7c2458e40_0 .var "wb", 1 0;
E_0x55e7c23581b0 .event edge, v0x55e7c2458d80_0;
S_0x55e7c2458fd0 .scope module, "dm1" "data_memory" 2 91, 7 1 0, S_0x55e7c2456d00;
 .timescale 0 0;
    .port_info 0 /INPUT 1 "clock"
    .port_info 1 /INPUT 32 "address"
    .port_info 2 /INPUT 32 "write_data"
    .port_info 3 /INPUT 1 "mem_read"
    .port_info 4 /INPUT 1 "mem_write"
    .port_info 5 /OUTPUT 32 "read_data"
v0x55e7c2459280_0 .net "address", 31 0, v0x55e7c2459ed0_0;  alias, 1 drivers
v0x55e7c2459380_0 .net "clock", 0 0, v0x55e7c2464bc0_0;  alias, 1 drivers
v0x55e7c2459490_0 .var/i "i", 31 0;
v0x55e7c2459530 .array "m", 29 0, 31 0;
v0x55e7c24595f0_0 .net "mem_read", 0 0, v0x55e7c245a2b0_0;  alias, 1 drivers
v0x55e7c2459700_0 .net "mem_write", 0 0, v0x55e7c245a350_0;  alias, 1 drivers
v0x55e7c24597c0_0 .var "read_data", 31 0;
v0x55e7c24598a0_0 .net "write_data", 31 0, v0x55e7c245a9f0_0;  alias, 1 drivers
E_0x55e7c2440640 .event edge, v0x55e7c2457e20_0;
S_0x55e7c2459a80 .scope module, "ep1" "ex_mem_pipe_reg" 2 86, 8 1 0, S_0x55e7c2456d00;
 .timescale 0 0;
    .port_info 0 /INPUT 1 "clock"
    .port_info 1 /INPUT 2 "wb_in"
    .port_info 2 /OUTPUT 2 "wb_out"
    .port_info 3 /INPUT 3 "m_in"
    .port_info 4 /OUTPUT 1 "branch"
    .port_info 5 /OUTPUT 1 "mem_write"
    .port_info 6 /OUTPUT 1 "mem_read"
    .port_info 7 /INPUT 1 "zero_flag_in"
    .port_info 8 /OUTPUT 1 "zero_flag_out"
    .port_info 9 /INPUT 32 "alu_result_in"
    .port_info 10 /OUTPUT 32 "alu_result_out"
    .port_info 11 /INPUT 32 "write_data_in"
    .port_info 12 /OUTPUT 32 "write_data_out"
    .port_info 13 /INPUT 5 "write_back_reg_in"
    .port_info 14 /OUTPUT 5 "write_back_reg_out"
    .port_info 15 /INPUT 32 "pc_add_in"
    .port_info 16 /OUTPUT 32 "pc_add_out"
v0x55e7c2459df0_0 .net "alu_result_in", 31 0, v0x55e7c2457900_0;  alias, 1 drivers
v0x55e7c2459ed0_0 .var "alu_result_out", 31 0;
v0x55e7c2459f70_0 .var "branch", 0 0;
v0x55e7c245a040_0 .net "clock", 0 0, v0x55e7c2464bc0_0;  alias, 1 drivers
o0x7f5b90ef9c48 .functor BUFZ 1, C4<z>; HiZ drive
v0x55e7c245a0e0_0 .net "flag_in", 0 0, o0x7f5b90ef9c48;  0 drivers
v0x55e7c245a1d0_0 .net "m_in", 2 0, v0x55e7c245cde0_0;  alias, 1 drivers
v0x55e7c245a2b0_0 .var "mem_read", 0 0;
v0x55e7c245a350_0 .var "mem_write", 0 0;
v0x55e7c245a420_0 .net "pc_add_in", 31 0, v0x55e7c2458740_0;  alias, 1 drivers
v0x55e7c245a4f0_0 .var "pc_add_out", 31 0;
v0x55e7c245a590_0 .net "wb_in", 1 0, v0x55e7c245d550_0;  alias, 1 drivers
v0x55e7c245a670_0 .var "wb_out", 1 0;
v0x55e7c245a750_0 .net "write_back_reg_in", 4 0, v0x55e7c245eaf0_0;  alias, 1 drivers
v0x55e7c245a830_0 .var "write_back_reg_out", 4 0;
v0x55e7c245a910_0 .net "write_data_in", 31 0, v0x55e7c245d2d0_0;  alias, 1 drivers
v0x55e7c245a9f0_0 .var "write_data_out", 31 0;
v0x55e7c245aae0_0 .net "zero_flag_in", 0 0, v0x55e7c24579e0_0;  alias, 1 drivers
v0x55e7c245abb0_0 .var "zero_flag_out", 0 0;
S_0x55e7c245ae50 .scope module, "f" "forwarding_unit" 2 83, 9 1 0, S_0x55e7c2456d00;
 .timescale 0 0;
    .port_info 0 /INPUT 1 "clk"
    .port_info 1 /INPUT 5 "reg_rs"
    .port_info 2 /INPUT 5 "reg_rt"
    .port_info 3 /INPUT 5 "ex_mem_reg_rd"
    .port_info 4 /INPUT 5 "mem_wb_reg_rd"
    .port_info 5 /INPUT 1 "ex_mem_reg_write"
    .port_info 6 /INPUT 1 "mem_wb_reg_write"
    .port_info 7 /OUTPUT 2 "forward_a"
    .port_info 8 /OUTPUT 2 "forward_b"
v0x55e7c245b100_0 .net "clk", 0 0, v0x55e7c2464bc0_0;  alias, 1 drivers
v0x55e7c245b1c0_0 .net "ex_mem_reg_rd", 4 0, v0x55e7c245fe60_0;  alias, 1 drivers
v0x55e7c245b2a0_0 .net "ex_mem_reg_write", 0 0, L_0x55e7c2476240;  1 drivers
v0x55e7c245b370_0 .var "forward_a", 1 0;
v0x55e7c245b450_0 .var "forward_b", 1 0;
v0x55e7c245b530_0 .net "mem_wb_reg_rd", 4 0, v0x55e7c245c9d0_0;  alias, 1 drivers
v0x55e7c245b610_0 .net "mem_wb_reg_write", 0 0, v0x55e7c245fc00_0;  alias, 1 drivers
v0x55e7c245b6d0_0 .net "reg_rs", 4 0, L_0x55e7c2476150;  1 drivers
v0x55e7c245b7b0_0 .net "reg_rt", 4 0, v0x55e7c245a830_0;  alias, 1 drivers
S_0x55e7c245ba00 .scope module, "i1" "instr_mem_file" 2 53, 10 1 0, S_0x55e7c2456d00;
 .timescale 0 0;
    .port_info 0 /INPUT 32 "pc"
    .port_info 1 /OUTPUT 32 "out"
v0x55e7c245bcb0_0 .var "i0", 31 0;
v0x55e7c245bdb0 .array "k", 1999 0, 31 0;
v0x55e7c245be70_0 .var "out", 31 0;
v0x55e7c245bf60_0 .net "pc", 31 0, L_0x55e7c2465490;  alias, 1 drivers
E_0x55e7c245bc30 .event edge, v0x55e7c2457f00_0;
S_0x55e7c245c090 .scope module, "ip1" "id_ex_pipe_reg" 2 64, 11 1 0, S_0x55e7c2456d00;
 .timescale 0 0;
    .port_info 0 /INPUT 1 "clock"
    .port_info 1 /INPUT 2 "wb_in"
    .port_info 2 /OUTPUT 2 "wb_out"
    .port_info 3 /INPUT 3 "m_in"
    .port_info 4 /OUTPUT 3 "m_out"
    .port_info 5 /INPUT 4 "ex_in"
    .port_info 6 /OUTPUT 2 "alu_op"
    .port_info 7 /OUTPUT 1 "alu_src"
    .port_info 8 /OUTPUT 1 "reg_dst"
    .port_info 9 /INPUT 32 "pc_in"
    .port_info 10 /OUTPUT 32 "pc_out"
    .port_info 11 /INPUT 32 "read_data1_in"
    .port_info 12 /OUTPUT 32 "read_data1_out"
    .port_info 13 /INPUT 32 "read_data2_in"
    .port_info 14 /OUTPUT 32 "read_data2_out"
    .port_info 15 /INPUT 5 "instr_reg1_in"
    .port_info 16 /OUTPUT 5 "instr_reg1_out"
    .port_info 17 /INPUT 5 "instr_reg2_in"
    .port_info 18 /OUTPUT 5 "instr_reg2_out"
    .port_info 19 /INPUT 16 "instr_add_to_reg_in"
    .port_info 20 /OUTPUT 32 "instr_add_to_reg_out"
v0x55e7c245c410_0 .var "alu_op", 1 0;
v0x55e7c245c500_0 .var "alu_src", 0 0;
v0x55e7c245c5a0_0 .net "clock", 0 0, v0x55e7c2464bc0_0;  alias, 1 drivers
v0x55e7c245c670_0 .net "ex_in", 3 0, v0x55e7c2458ba0_0;  alias, 1 drivers
v0x55e7c245c740_0 .net "instr_add_to_reg_in", 15 0, L_0x55e7c2475f40;  1 drivers
v0x55e7c245c850_0 .var "instr_add_to_reg_out", 31 0;
v0x55e7c245c910_0 .net "instr_reg1_in", 4 0, L_0x55e7c2475e00;  1 drivers
v0x55e7c245c9d0_0 .var "instr_reg1_out", 4 0;
v0x55e7c245cac0_0 .net "instr_reg2_in", 4 0, L_0x55e7c2475ea0;  1 drivers
v0x55e7c245cc10_0 .var "instr_reg2_out", 4 0;
v0x55e7c245ccf0_0 .net "m_in", 2 0, v0x55e7c2458ca0_0;  alias, 1 drivers
v0x55e7c245cde0_0 .var "m_out", 2 0;
v0x55e7c245ceb0_0 .net "pc_in", 31 0, v0x55e7c2460560_0;  alias, 1 drivers
v0x55e7c245cf70_0 .var "pc_out", 31 0;
v0x55e7c245d060_0 .net "read_data1_in", 31 0, v0x55e7c2460d50_0;  alias, 1 drivers
v0x55e7c245d130_0 .var "read_data1_out", 31 0;
v0x55e7c245d1f0_0 .net "read_data2_in", 31 0, v0x55e7c2460e60_0;  alias, 1 drivers
v0x55e7c245d2d0_0 .var "read_data2_out", 31 0;
v0x55e7c245d3c0_0 .var "reg_dst", 0 0;
v0x55e7c245d460_0 .net "wb_in", 1 0, v0x55e7c2458e40_0;  alias, 1 drivers
v0x55e7c245d550_0 .var "wb_out", 1 0;
S_0x55e7c245d8a0 .scope module, "m1" "mux_m" 2 38, 2 126 0, S_0x55e7c2456d00;
 .timescale 0 0;
    .port_info 0 /INPUT 32 "Data_in_0"
    .port_info 1 /INPUT 32 "Data_in_1"
    .port_info 2 /INPUT 1 "sel"
    .port_info 3 /OUTPUT 32 "Data_out"
v0x55e7c245db40_0 .net "Data_in_0", 31 0, v0x55e7c24580d0_0;  alias, 1 drivers
v0x55e7c245dc50_0 .net8 "Data_in_1", 31 0, RS_0x7f5b90ef9ca8;  alias, 2 drivers
v0x55e7c245dd20_0 .var "Data_out", 31 0;
v0x55e7c245ddf0_0 .net8 "sel", 0 0, RS_0x7f5b90efaab8;  alias, 2 drivers
E_0x55e7c245dac0 .event edge, v0x55e7c245ddf0_0, v0x55e7c245a4f0_0, v0x55e7c24580d0_0;
S_0x55e7c245df60 .scope module, "m2" "mux" 2 78, 12 1 0, S_0x55e7c2456d00;
 .timescale 0 0;
    .port_info 0 /INPUT 32 "Data_in_0"
    .port_info 1 /INPUT 32 "Data_in_1"
    .port_info 2 /INPUT 1 "sel"
    .port_info 3 /OUTPUT 32 "Data_out"
v0x55e7c245e220_0 .net "Data_in_0", 31 0, v0x55e7c245d2d0_0;  alias, 1 drivers
v0x55e7c245e350_0 .net "Data_in_1", 31 0, v0x55e7c245c850_0;  alias, 1 drivers
v0x55e7c245e460_0 .var "Data_out", 31 0;
v0x55e7c245e500_0 .net "sel", 0 0, v0x55e7c245c500_0;  alias, 1 drivers
E_0x55e7c245e1a0 .event edge, v0x55e7c245c500_0, v0x55e7c2458650_0, v0x55e7c245a910_0;
S_0x55e7c245e640 .scope module, "m3" "mux_5_bit" 2 84, 13 1 0, S_0x55e7c2456d00;
 .timescale 0 0;
    .port_info 0 /INPUT 5 "Data_in_0"
    .port_info 1 /INPUT 5 "Data_in_1"
    .port_info 2 /INPUT 1 "sel"
    .port_info 3 /OUTPUT 5 "Data_out"
v0x55e7c245e900_0 .net "Data_in_0", 4 0, v0x55e7c245c9d0_0;  alias, 1 drivers
v0x55e7c245ea30_0 .net "Data_in_1", 4 0, v0x55e7c245cc10_0;  alias, 1 drivers
v0x55e7c245eaf0_0 .var "Data_out", 4 0;
v0x55e7c245ebf0_0 .net "sel", 0 0, v0x55e7c245d3c0_0;  alias, 1 drivers
E_0x55e7c245e880 .event edge, v0x55e7c245d3c0_0, v0x55e7c245cc10_0, v0x55e7c245b530_0;
S_0x55e7c245ed10 .scope module, "m4" "mux" 2 95, 12 1 0, S_0x55e7c2456d00;
 .timescale 0 0;
    .port_info 0 /INPUT 32 "Data_in_0"
    .port_info 1 /INPUT 32 "Data_in_1"
    .port_info 2 /INPUT 1 "sel"
    .port_info 3 /OUTPUT 32 "Data_out"
v0x55e7c245efd0_0 .net "Data_in_0", 31 0, v0x55e7c245f810_0;  alias, 1 drivers
v0x55e7c245f0d0_0 .net "Data_in_1", 31 0, v0x55e7c245fb30_0;  alias, 1 drivers
v0x55e7c245f1b0_0 .var "Data_out", 31 0;
v0x55e7c245f2a0_0 .net "sel", 0 0, v0x55e7c245f970_0;  alias, 1 drivers
E_0x55e7c245ef50 .event edge, v0x55e7c245f2a0_0, v0x55e7c245f0d0_0, v0x55e7c245efd0_0;
S_0x55e7c245f410 .scope module, "mp1" "mem_wb_pipe_reg" 2 93, 14 1 0, S_0x55e7c2456d00;
 .timescale 0 0;
    .port_info 0 /INPUT 1 "clock"
    .port_info 1 /INPUT 2 "wb_in"
    .port_info 2 /OUTPUT 1 "mem_to_reg"
    .port_info 3 /OUTPUT 1 "reg_write"
    .port_info 4 /INPUT 32 "read_data_in"
    .port_info 5 /OUTPUT 32 "read_data_out"
    .port_info 6 /INPUT 32 "alu_result_in"
    .port_info 7 /OUTPUT 32 "alu_result_out"
    .port_info 8 /INPUT 5 "write_back_in"
    .port_info 9 /OUTPUT 5 "write_back_out"
v0x55e7c245f6e0_0 .net "alu_result_in", 31 0, v0x55e7c2459ed0_0;  alias, 1 drivers
v0x55e7c245f810_0 .var "alu_result_out", 31 0;
v0x55e7c245f8d0_0 .net "clock", 0 0, v0x55e7c2464bc0_0;  alias, 1 drivers
v0x55e7c245f970_0 .var "mem_to_reg", 0 0;
v0x55e7c245fa40_0 .net "read_data_in", 31 0, v0x55e7c24597c0_0;  alias, 1 drivers
v0x55e7c245fb30_0 .var "read_data_out", 31 0;
v0x55e7c245fc00_0 .var "reg_write", 0 0;
v0x55e7c245fcd0_0 .net "wb_in", 1 0, v0x55e7c2458e40_0;  alias, 1 drivers
v0x55e7c245fdc0_0 .net "write_back_in", 4 0, v0x55e7c245a830_0;  alias, 1 drivers
v0x55e7c245fe60_0 .var "write_back_out", 4 0;
S_0x55e7c2460000 .scope module, "p1" "if_id_pipe_reg" 2 58, 15 1 0, S_0x55e7c2456d00;
 .timescale 0 0;
    .port_info 0 /INPUT 1 "clock"
    .port_info 1 /INPUT 32 "instr_in"
    .port_info 2 /OUTPUT 32 "instr_out"
    .port_info 3 /INPUT 32 "pc_in"
    .port_info 4 /OUTPUT 32 "pc_out"
v0x55e7c24601d0_0 .net "clock", 0 0, v0x55e7c2464bc0_0;  alias, 1 drivers
v0x55e7c2460290_0 .net "instr_in", 31 0, v0x55e7c245be70_0;  alias, 1 drivers
v0x55e7c2460380_0 .var "instr_out", 31 0;
v0x55e7c2460450_0 .net "pc_in", 31 0, v0x55e7c24580d0_0;  alias, 1 drivers
v0x55e7c2460560_0 .var "pc_out", 31 0;
S_0x55e7c24606f0 .scope module, "rf1" "reg_file" 2 60, 16 1 0, S_0x55e7c2456d00;
 .timescale 0 0;
    .port_info 0 /INPUT 1 "clock"
    .port_info 1 /INPUT 1 "reg_write"
    .port_info 2 /INPUT 5 "write_reg"
    .port_info 3 /INPUT 5 "read_reg1"
    .port_info 4 /INPUT 5 "read_reg2"
    .port_info 5 /OUTPUT 32 "read_data1"
    .port_info 6 /OUTPUT 32 "read_data2"
    .port_info 7 /INPUT 32 "write_data"
v0x55e7c2460b80_0 .net "clock", 0 0, v0x55e7c2464bc0_0;  alias, 1 drivers
v0x55e7c2460d50_0 .var "read_data1", 31 0;
v0x55e7c2460e60_0 .var "read_data2", 31 0;
v0x55e7c2460f00_0 .net "read_reg1", 4 0, L_0x55e7c2475b90;  1 drivers
v0x55e7c2460fc0_0 .net "read_reg2", 4 0, L_0x55e7c2475c30;  1 drivers
v0x55e7c24610f0_0 .net "reg_write", 0 0, v0x55e7c245fc00_0;  alias, 1 drivers
v0x55e7c24611e0_0 .var "s0", 31 0;
v0x55e7c24612c0_0 .var "s1", 31 0;
v0x55e7c24613a0_0 .var "s2", 31 0;
v0x55e7c2461480_0 .var "s3", 31 0;
v0x55e7c2461560_0 .var "s4", 31 0;
v0x55e7c2461640_0 .var "s5", 31 0;
v0x55e7c2461720_0 .var "s6", 31 0;
v0x55e7c2461800_0 .var "s7", 31 0;
v0x55e7c24618e0_0 .net "write_data", 31 0, v0x55e7c245f1b0_0;  alias, 1 drivers
v0x55e7c24619a0_0 .net "write_reg", 4 0, v0x55e7c245a830_0;  alias, 1 drivers
E_0x55e7c2460af0/0 .event edge, v0x55e7c245b610_0, v0x55e7c245a830_0, v0x55e7c2460fc0_0, v0x55e7c2460f00_0;
E_0x55e7c2460af0/1 .event edge, v0x55e7c2457e20_0;
E_0x55e7c2460af0 .event/or E_0x55e7c2460af0/0, E_0x55e7c2460af0/1;
S_0x55e7c2430730 .scope module, "mux_4_1" "mux_4_1" 17 1;
 .timescale 0 0;
    .port_info 0 /INPUT 32 "read_reg"
    .port_info 1 /INPUT 32 "write_back_data"
    .port_info 2 /INPUT 32 "data_mem_in"
    .port_info 3 /INPUT 2 "sel"
    .port_info 4 /OUTPUT 32 "out"
o0x7f5b90efb658 .functor BUFZ 32, C4<zzzzzzzzzzzzzzzzzzzzzzzzzzzzzzzz>; HiZ drive
v0x55e7c2464cc0_0 .net "data_mem_in", 31 0, o0x7f5b90efb658;  0 drivers
v0x55e7c2464dc0_0 .var "out", 31 0;
o0x7f5b90efb6b8 .functor BUFZ 32, C4<zzzzzzzzzzzzzzzzzzzzzzzzzzzzzzzz>; HiZ drive
v0x55e7c2464ea0_0 .net "read_reg", 31 0, o0x7f5b90efb6b8;  0 drivers
o0x7f5b90efb6e8 .functor BUFZ 2, C4<zz>; HiZ drive
v0x55e7c2464f60_0 .net "sel", 1 0, o0x7f5b90efb6e8;  0 drivers
o0x7f5b90efb718 .functor BUFZ 32, C4<zzzzzzzzzzzzzzzzzzzzzzzzzzzzzzzz>; HiZ drive
v0x55e7c2465040_0 .net "write_back_data", 31 0, o0x7f5b90efb718;  0 drivers
E_0x55e7c2464c60 .event edge, v0x55e7c2464ea0_0, v0x55e7c2464cc0_0, v0x55e7c2465040_0, v0x55e7c2464f60_0;
    .scope S_0x55e7c245d8a0;
T_0 ;
    %wait E_0x55e7c245dac0;
    %load/vec4 v0x55e7c245ddf0_0;
    %cmpi/e 0, 0, 1;
    %jmp/0xz  T_0.0, 4;
    %load/vec4 v0x55e7c245db40_0;
    %store/vec4 v0x55e7c245dd20_0, 0, 32;
    %jmp T_0.1;
T_0.0 ;
    %load/vec4 v0x55e7c245dc50_0;
    %store/vec4 v0x55e7c245dd20_0, 0, 32;
T_0.1 ;
    %jmp T_0;
    .thread T_0, $push;
    .scope S_0x55e7c245ba00;
T_1 ;
    %pushi/vec4 2383478784, 0, 32;
    %store/vec4 v0x55e7c245bcb0_0, 0, 32;
    %pushi/vec4 2383478784, 0, 32;
    %ix/load 4, 0, 0;
    %flag_set/imm 4, 0;
    %store/vec4a v0x55e7c245bdb0, 4, 0;
    %pushi/vec4 2383544329, 0, 32;
    %ix/load 4, 3, 0;
    %flag_set/imm 4, 0;
    %store/vec4a v0x55e7c245bdb0, 4, 0;
    %pushi/vec4 36870180, 0, 32;
    %ix/load 4, 5, 0;
    %flag_set/imm 4, 0;
    %store/vec4a v0x55e7c245bdb0, 4, 0;
    %pushi/vec4 2383478785, 0, 32;
    %ix/load 4, 7, 0;
    %flag_set/imm 4, 0;
    %store/vec4a v0x55e7c245bdb0, 4, 0;
    %pushi/vec4 2383544332, 0, 32;
    %ix/load 4, 9, 0;
    %flag_set/imm 4, 0;
    %store/vec4a v0x55e7c245bdb0, 4, 0;
    %pushi/vec4 36872228, 0, 32;
    %ix/load 4, 11, 0;
    %flag_set/imm 4, 0;
    %store/vec4a v0x55e7c245bdb0, 4, 0;
    %pushi/vec4 2383478786, 0, 32;
    %ix/load 4, 13, 0;
    %flag_set/imm 4, 0;
    %store/vec4a v0x55e7c245bdb0, 4, 0;
    %pushi/vec4 2383544335, 0, 32;
    %ix/load 4, 15, 0;
    %flag_set/imm 4, 0;
    %store/vec4a v0x55e7c245bdb0, 4, 0;
    %pushi/vec4 36874276, 0, 32;
    %ix/load 4, 17, 0;
    %flag_set/imm 4, 0;
    %store/vec4a v0x55e7c245bdb0, 4, 0;
    %pushi/vec4 41201696, 0, 32;
    %ix/load 4, 19, 0;
    %flag_set/imm 4, 0;
    %store/vec4a v0x55e7c245bdb0, 4, 0;
    %pushi/vec4 47560736, 0, 32;
    %ix/load 4, 21, 0;
    %flag_set/imm 4, 0;
    %store/vec4a v0x55e7c245bdb0, 4, 0;
    %pushi/vec4 2920742930, 0, 32;
    %ix/load 4, 23, 0;
    %flag_set/imm 4, 0;
    %store/vec4a v0x55e7c245bdb0, 4, 0;
    %pushi/vec4 2383478784, 0, 32;
    %ix/load 4, 24, 0;
    %flag_set/imm 4, 0;
    %store/vec4a v0x55e7c245bdb0, 4, 0;
    %pushi/vec4 2383544330, 0, 32;
    %ix/load 4, 26, 0;
    %flag_set/imm 4, 0;
    %store/vec4a v0x55e7c245bdb0, 4, 0;
    %pushi/vec4 36870180, 0, 32;
    %ix/load 4, 28, 0;
    %flag_set/imm 4, 0;
    %store/vec4a v0x55e7c245bdb0, 4, 0;
    %pushi/vec4 2383478785, 0, 32;
    %ix/load 4, 30, 0;
    %flag_set/imm 4, 0;
    %store/vec4a v0x55e7c245bdb0, 4, 0;
    %pushi/vec4 2383544333, 0, 32;
    %ix/load 4, 32, 0;
    %flag_set/imm 4, 0;
    %store/vec4a v0x55e7c245bdb0, 4, 0;
    %pushi/vec4 36872228, 0, 32;
    %ix/load 4, 34, 0;
    %flag_set/imm 4, 0;
    %store/vec4a v0x55e7c245bdb0, 4, 0;
    %pushi/vec4 2383478786, 0, 32;
    %ix/load 4, 36, 0;
    %flag_set/imm 4, 0;
    %store/vec4a v0x55e7c245bdb0, 4, 0;
    %pushi/vec4 2383544336, 0, 32;
    %ix/load 4, 38, 0;
    %flag_set/imm 4, 0;
    %store/vec4a v0x55e7c245bdb0, 4, 0;
    %pushi/vec4 36874276, 0, 32;
    %ix/load 4, 40, 0;
    %flag_set/imm 4, 0;
    %store/vec4a v0x55e7c245bdb0, 4, 0;
    %pushi/vec4 41201696, 0, 32;
    %ix/load 4, 42, 0;
    %flag_set/imm 4, 0;
    %store/vec4a v0x55e7c245bdb0, 4, 0;
    %pushi/vec4 47560736, 0, 32;
    %ix/load 4, 44, 0;
    %flag_set/imm 4, 0;
    %store/vec4a v0x55e7c245bdb0, 4, 0;
    %pushi/vec4 2920742931, 0, 32;
    %ix/load 4, 46, 0;
    %flag_set/imm 4, 0;
    %store/vec4a v0x55e7c245bdb0, 4, 0;
    %pushi/vec4 2383478784, 0, 32;
    %ix/load 4, 48, 0;
    %flag_set/imm 4, 0;
    %store/vec4a v0x55e7c245bdb0, 4, 0;
    %pushi/vec4 2383544331, 0, 32;
    %ix/load 4, 50, 0;
    %flag_set/imm 4, 0;
    %store/vec4a v0x55e7c245bdb0, 4, 0;
    %pushi/vec4 36870180, 0, 32;
    %ix/load 4, 52, 0;
    %flag_set/imm 4, 0;
    %store/vec4a v0x55e7c245bdb0, 4, 0;
    %pushi/vec4 2383478785, 0, 32;
    %ix/load 4, 54, 0;
    %flag_set/imm 4, 0;
    %store/vec4a v0x55e7c245bdb0, 4, 0;
    %pushi/vec4 2383544334, 0, 32;
    %ix/load 4, 56, 0;
    %flag_set/imm 4, 0;
    %store/vec4a v0x55e7c245bdb0, 4, 0;
    %pushi/vec4 36872228, 0, 32;
    %ix/load 4, 58, 0;
    %flag_set/imm 4, 0;
    %store/vec4a v0x55e7c245bdb0, 4, 0;
    %pushi/vec4 2383478786, 0, 32;
    %ix/load 4, 60, 0;
    %flag_set/imm 4, 0;
    %store/vec4a v0x55e7c245bdb0, 4, 0;
    %pushi/vec4 2383544337, 0, 32;
    %ix/load 4, 62, 0;
    %flag_set/imm 4, 0;
    %store/vec4a v0x55e7c245bdb0, 4, 0;
    %pushi/vec4 36874276, 0, 32;
    %ix/load 4, 64, 0;
    %flag_set/imm 4, 0;
    %store/vec4a v0x55e7c245bdb0, 4, 0;
    %pushi/vec4 41201696, 0, 32;
    %ix/load 4, 66, 0;
    %flag_set/imm 4, 0;
    %store/vec4a v0x55e7c245bdb0, 4, 0;
    %pushi/vec4 47560736, 0, 32;
    %ix/load 4, 68, 0;
    %flag_set/imm 4, 0;
    %store/vec4a v0x55e7c245bdb0, 4, 0;
    %pushi/vec4 2920742932, 0, 32;
    %ix/load 4, 70, 0;
    %flag_set/imm 4, 0;
    %store/vec4a v0x55e7c245bdb0, 4, 0;
    %pushi/vec4 2383478787, 0, 32;
    %ix/load 4, 87, 0;
    %flag_set/imm 4, 0;
    %store/vec4a v0x55e7c245bdb0, 4, 0;
    %pushi/vec4 2383544329, 0, 32;
    %ix/load 4, 89, 0;
    %flag_set/imm 4, 0;
    %store/vec4a v0x55e7c245bdb0, 4, 0;
    %pushi/vec4 36870180, 0, 32;
    %ix/load 4, 91, 0;
    %flag_set/imm 4, 0;
    %store/vec4a v0x55e7c245bdb0, 4, 0;
    %pushi/vec4 2383478788, 0, 32;
    %ix/load 4, 93, 0;
    %flag_set/imm 4, 0;
    %store/vec4a v0x55e7c245bdb0, 4, 0;
    %pushi/vec4 2383544332, 0, 32;
    %ix/load 4, 95, 0;
    %flag_set/imm 4, 0;
    %store/vec4a v0x55e7c245bdb0, 4, 0;
    %pushi/vec4 36872228, 0, 32;
    %ix/load 4, 97, 0;
    %flag_set/imm 4, 0;
    %store/vec4a v0x55e7c245bdb0, 4, 0;
    %pushi/vec4 2383478789, 0, 32;
    %ix/load 4, 99, 0;
    %flag_set/imm 4, 0;
    %store/vec4a v0x55e7c245bdb0, 4, 0;
    %pushi/vec4 2383544335, 0, 32;
    %ix/load 4, 101, 0;
    %flag_set/imm 4, 0;
    %store/vec4a v0x55e7c245bdb0, 4, 0;
    %pushi/vec4 36874276, 0, 32;
    %ix/load 4, 103, 0;
    %flag_set/imm 4, 0;
    %store/vec4a v0x55e7c245bdb0, 4, 0;
    %pushi/vec4 41201696, 0, 32;
    %ix/load 4, 105, 0;
    %flag_set/imm 4, 0;
    %store/vec4a v0x55e7c245bdb0, 4, 0;
    %pushi/vec4 47560736, 0, 32;
    %ix/load 4, 107, 0;
    %flag_set/imm 4, 0;
    %store/vec4a v0x55e7c245bdb0, 4, 0;
    %pushi/vec4 2920742933, 0, 32;
    %ix/load 4, 109, 0;
    %flag_set/imm 4, 0;
    %store/vec4a v0x55e7c245bdb0, 4, 0;
    %pushi/vec4 2383478787, 0, 32;
    %ix/load 4, 111, 0;
    %flag_set/imm 4, 0;
    %store/vec4a v0x55e7c245bdb0, 4, 0;
    %pushi/vec4 2383544330, 0, 32;
    %ix/load 4, 113, 0;
    %flag_set/imm 4, 0;
    %store/vec4a v0x55e7c245bdb0, 4, 0;
    %pushi/vec4 36870180, 0, 32;
    %ix/load 4, 115, 0;
    %flag_set/imm 4, 0;
    %store/vec4a v0x55e7c245bdb0, 4, 0;
    %pushi/vec4 2383478788, 0, 32;
    %ix/load 4, 117, 0;
    %flag_set/imm 4, 0;
    %store/vec4a v0x55e7c245bdb0, 4, 0;
    %pushi/vec4 2383544333, 0, 32;
    %ix/load 4, 119, 0;
    %flag_set/imm 4, 0;
    %store/vec4a v0x55e7c245bdb0, 4, 0;
    %pushi/vec4 36872228, 0, 32;
    %ix/load 4, 121, 0;
    %flag_set/imm 4, 0;
    %store/vec4a v0x55e7c245bdb0, 4, 0;
    %pushi/vec4 2383478789, 0, 32;
    %ix/load 4, 123, 0;
    %flag_set/imm 4, 0;
    %store/vec4a v0x55e7c245bdb0, 4, 0;
    %pushi/vec4 2383544336, 0, 32;
    %ix/load 4, 125, 0;
    %flag_set/imm 4, 0;
    %store/vec4a v0x55e7c245bdb0, 4, 0;
    %pushi/vec4 36874276, 0, 32;
    %ix/load 4, 127, 0;
    %flag_set/imm 4, 0;
    %store/vec4a v0x55e7c245bdb0, 4, 0;
    %pushi/vec4 41201696, 0, 32;
    %ix/load 4, 129, 0;
    %flag_set/imm 4, 0;
    %store/vec4a v0x55e7c245bdb0, 4, 0;
    %pushi/vec4 47560736, 0, 32;
    %ix/load 4, 131, 0;
    %flag_set/imm 4, 0;
    %store/vec4a v0x55e7c245bdb0, 4, 0;
    %pushi/vec4 2920742934, 0, 32;
    %ix/load 4, 133, 0;
    %flag_set/imm 4, 0;
    %store/vec4a v0x55e7c245bdb0, 4, 0;
    %pushi/vec4 2383478787, 0, 32;
    %ix/load 4, 135, 0;
    %flag_set/imm 4, 0;
    %store/vec4a v0x55e7c245bdb0, 4, 0;
    %pushi/vec4 2383544331, 0, 32;
    %ix/load 4, 137, 0;
    %flag_set/imm 4, 0;
    %store/vec4a v0x55e7c245bdb0, 4, 0;
    %pushi/vec4 36870180, 0, 32;
    %ix/load 4, 139, 0;
    %flag_set/imm 4, 0;
    %store/vec4a v0x55e7c245bdb0, 4, 0;
    %pushi/vec4 2383478788, 0, 32;
    %ix/load 4, 141, 0;
    %flag_set/imm 4, 0;
    %store/vec4a v0x55e7c245bdb0, 4, 0;
    %pushi/vec4 2383544334, 0, 32;
    %ix/load 4, 143, 0;
    %flag_set/imm 4, 0;
    %store/vec4a v0x55e7c245bdb0, 4, 0;
    %pushi/vec4 36872228, 0, 32;
    %ix/load 4, 145, 0;
    %flag_set/imm 4, 0;
    %store/vec4a v0x55e7c245bdb0, 4, 0;
    %pushi/vec4 2383478789, 0, 32;
    %ix/load 4, 147, 0;
    %flag_set/imm 4, 0;
    %store/vec4a v0x55e7c245bdb0, 4, 0;
    %pushi/vec4 2383544337, 0, 32;
    %ix/load 4, 149, 0;
    %flag_set/imm 4, 0;
    %store/vec4a v0x55e7c245bdb0, 4, 0;
    %pushi/vec4 36874276, 0, 32;
    %ix/load 4, 151, 0;
    %flag_set/imm 4, 0;
    %store/vec4a v0x55e7c245bdb0, 4, 0;
    %pushi/vec4 41201696, 0, 32;
    %ix/load 4, 153, 0;
    %flag_set/imm 4, 0;
    %store/vec4a v0x55e7c245bdb0, 4, 0;
    %pushi/vec4 47560736, 0, 32;
    %ix/load 4, 155, 0;
    %flag_set/imm 4, 0;
    %store/vec4a v0x55e7c245bdb0, 4, 0;
    %pushi/vec4 2920742935, 0, 32;
    %ix/load 4, 157, 0;
    %flag_set/imm 4, 0;
    %store/vec4a v0x55e7c245bdb0, 4, 0;
    %pushi/vec4 2383478790, 0, 32;
    %ix/load 4, 187, 0;
    %flag_set/imm 4, 0;
    %store/vec4a v0x55e7c245bdb0, 4, 0;
    %pushi/vec4 2383544329, 0, 32;
    %ix/load 4, 189, 0;
    %flag_set/imm 4, 0;
    %store/vec4a v0x55e7c245bdb0, 4, 0;
    %pushi/vec4 36870180, 0, 32;
    %ix/load 4, 191, 0;
    %flag_set/imm 4, 0;
    %store/vec4a v0x55e7c245bdb0, 4, 0;
    %pushi/vec4 2383478791, 0, 32;
    %ix/load 4, 193, 0;
    %flag_set/imm 4, 0;
    %store/vec4a v0x55e7c245bdb0, 4, 0;
    %pushi/vec4 2383544332, 0, 32;
    %ix/load 4, 195, 0;
    %flag_set/imm 4, 0;
    %store/vec4a v0x55e7c245bdb0, 4, 0;
    %pushi/vec4 36872228, 0, 32;
    %ix/load 4, 197, 0;
    %flag_set/imm 4, 0;
    %store/vec4a v0x55e7c245bdb0, 4, 0;
    %pushi/vec4 2383478792, 0, 32;
    %ix/load 4, 199, 0;
    %flag_set/imm 4, 0;
    %store/vec4a v0x55e7c245bdb0, 4, 0;
    %pushi/vec4 2383544335, 0, 32;
    %ix/load 4, 201, 0;
    %flag_set/imm 4, 0;
    %store/vec4a v0x55e7c245bdb0, 4, 0;
    %pushi/vec4 36874276, 0, 32;
    %ix/load 4, 203, 0;
    %flag_set/imm 4, 0;
    %store/vec4a v0x55e7c245bdb0, 4, 0;
    %pushi/vec4 41201696, 0, 32;
    %ix/load 4, 205, 0;
    %flag_set/imm 4, 0;
    %store/vec4a v0x55e7c245bdb0, 4, 0;
    %pushi/vec4 47560736, 0, 32;
    %ix/load 4, 207, 0;
    %flag_set/imm 4, 0;
    %store/vec4a v0x55e7c245bdb0, 4, 0;
    %pushi/vec4 2920742936, 0, 32;
    %ix/load 4, 209, 0;
    %flag_set/imm 4, 0;
    %store/vec4a v0x55e7c245bdb0, 4, 0;
    %pushi/vec4 2383478790, 0, 32;
    %ix/load 4, 211, 0;
    %flag_set/imm 4, 0;
    %store/vec4a v0x55e7c245bdb0, 4, 0;
    %pushi/vec4 2383544330, 0, 32;
    %ix/load 4, 213, 0;
    %flag_set/imm 4, 0;
    %store/vec4a v0x55e7c245bdb0, 4, 0;
    %pushi/vec4 36870180, 0, 32;
    %ix/load 4, 1115, 0;
    %flag_set/imm 4, 0;
    %store/vec4a v0x55e7c245bdb0, 4, 0;
    %pushi/vec4 2383478791, 0, 32;
    %ix/load 4, 1117, 0;
    %flag_set/imm 4, 0;
    %store/vec4a v0x55e7c245bdb0, 4, 0;
    %pushi/vec4 2383544333, 0, 32;
    %ix/load 4, 1119, 0;
    %flag_set/imm 4, 0;
    %store/vec4a v0x55e7c245bdb0, 4, 0;
    %pushi/vec4 36872228, 0, 32;
    %ix/load 4, 1121, 0;
    %flag_set/imm 4, 0;
    %store/vec4a v0x55e7c245bdb0, 4, 0;
    %pushi/vec4 2383478792, 0, 32;
    %ix/load 4, 1123, 0;
    %flag_set/imm 4, 0;
    %store/vec4a v0x55e7c245bdb0, 4, 0;
    %pushi/vec4 2383544336, 0, 32;
    %ix/load 4, 1125, 0;
    %flag_set/imm 4, 0;
    %store/vec4a v0x55e7c245bdb0, 4, 0;
    %pushi/vec4 36874276, 0, 32;
    %ix/load 4, 1127, 0;
    %flag_set/imm 4, 0;
    %store/vec4a v0x55e7c245bdb0, 4, 0;
    %pushi/vec4 41201696, 0, 32;
    %ix/load 4, 1129, 0;
    %flag_set/imm 4, 0;
    %store/vec4a v0x55e7c245bdb0, 4, 0;
    %pushi/vec4 47560736, 0, 32;
    %ix/load 4, 1131, 0;
    %flag_set/imm 4, 0;
    %store/vec4a v0x55e7c245bdb0, 4, 0;
    %pushi/vec4 2920742937, 0, 32;
    %ix/load 4, 1133, 0;
    %flag_set/imm 4, 0;
    %store/vec4a v0x55e7c245bdb0, 4, 0;
    %pushi/vec4 2383478790, 0, 32;
    %ix/load 4, 1135, 0;
    %flag_set/imm 4, 0;
    %store/vec4a v0x55e7c245bdb0, 4, 0;
    %pushi/vec4 2383544331, 0, 32;
    %ix/load 4, 1137, 0;
    %flag_set/imm 4, 0;
    %store/vec4a v0x55e7c245bdb0, 4, 0;
    %pushi/vec4 36870180, 0, 32;
    %ix/load 4, 1139, 0;
    %flag_set/imm 4, 0;
    %store/vec4a v0x55e7c245bdb0, 4, 0;
    %pushi/vec4 2383478791, 0, 32;
    %ix/load 4, 1141, 0;
    %flag_set/imm 4, 0;
    %store/vec4a v0x55e7c245bdb0, 4, 0;
    %pushi/vec4 2383544334, 0, 32;
    %ix/load 4, 1143, 0;
    %flag_set/imm 4, 0;
    %store/vec4a v0x55e7c245bdb0, 4, 0;
    %pushi/vec4 36872228, 0, 32;
    %ix/load 4, 1145, 0;
    %flag_set/imm 4, 0;
    %store/vec4a v0x55e7c245bdb0, 4, 0;
    %pushi/vec4 2383478792, 0, 32;
    %ix/load 4, 1147, 0;
    %flag_set/imm 4, 0;
    %store/vec4a v0x55e7c245bdb0, 4, 0;
    %pushi/vec4 2383544337, 0, 32;
    %ix/load 4, 1149, 0;
    %flag_set/imm 4, 0;
    %store/vec4a v0x55e7c245bdb0, 4, 0;
    %pushi/vec4 36874276, 0, 32;
    %ix/load 4, 1151, 0;
    %flag_set/imm 4, 0;
    %store/vec4a v0x55e7c245bdb0, 4, 0;
    %pushi/vec4 41201696, 0, 32;
    %ix/load 4, 1153, 0;
    %flag_set/imm 4, 0;
    %store/vec4a v0x55e7c245bdb0, 4, 0;
    %pushi/vec4 47560736, 0, 32;
    %ix/load 4, 1155, 0;
    %flag_set/imm 4, 0;
    %store/vec4a v0x55e7c245bdb0, 4, 0;
    %pushi/vec4 2920742938, 0, 32;
    %ix/load 4, 1157, 0;
    %flag_set/imm 4, 0;
    %store/vec4a v0x55e7c245bdb0, 4, 0;
    %end;
    .thread T_1;
    .scope S_0x55e7c245ba00;
T_2 ;
    %wait E_0x55e7c245bc30;
    %load/vec4 v0x55e7c245bf60_0;
    %dup/vec4;
    %pushi/vec4 1, 0, 32;
    %cmp/u;
    %jmp/1 T_2.0, 6;
    %ix/getv 4, v0x55e7c245bf60_0;
    %load/vec4a v0x55e7c245bdb0, 4;
    %store/vec4 v0x55e7c245be70_0, 0, 32;
    %jmp T_2.2;
T_2.0 ;
    %load/vec4 v0x55e7c245bcb0_0;
    %store/vec4 v0x55e7c245be70_0, 0, 32;
    %jmp T_2.2;
T_2.2 ;
    %pop/vec4 1;
    %jmp T_2;
    .thread T_2, $push;
    .scope S_0x55e7c2457b90;
T_3 ;
    %wait E_0x55e7c23df4d0;
    %load/vec4 v0x55e7c2457f00_0;
    %load/vec4 v0x55e7c2457fe0_0;
    %add;
    %store/vec4 v0x55e7c24580d0_0, 0, 32;
    %jmp T_3;
    .thread T_3;
    .scope S_0x55e7c2460000;
T_4 ;
    %wait E_0x55e7c23df4d0;
    %load/vec4 v0x55e7c2460290_0;
    %store/vec4 v0x55e7c2460380_0, 0, 32;
    %load/vec4 v0x55e7c2460450_0;
    %store/vec4 v0x55e7c2460560_0, 0, 32;
    %jmp T_4;
    .thread T_4;
    .scope S_0x55e7c24606f0;
T_5 ;
    %pushi/vec4 0, 0, 32;
    %store/vec4 v0x55e7c24611e0_0, 0, 32;
    %pushi/vec4 0, 0, 32;
    %store/vec4 v0x55e7c24612c0_0, 0, 32;
    %end;
    .thread T_5;
    .scope S_0x55e7c24606f0;
T_6 ;
    %wait E_0x55e7c2440640;
    %jmp T_6;
    .thread T_6, $push;
    .scope S_0x55e7c24606f0;
T_7 ;
    %wait E_0x55e7c2460af0;
    %load/vec4 v0x55e7c2460b80_0;
    %pad/u 32;
    %cmpi/e 1, 0, 32;
    %jmp/0xz  T_7.0, 4;
    %load/vec4 v0x55e7c2460f00_0;
    %dup/vec4;
    %pushi/vec4 16, 0, 5;
    %cmp/u;
    %jmp/1 T_7.2, 6;
    %dup/vec4;
    %pushi/vec4 17, 0, 5;
    %cmp/u;
    %jmp/1 T_7.3, 6;
    %dup/vec4;
    %pushi/vec4 18, 0, 5;
    %cmp/u;
    %jmp/1 T_7.4, 6;
    %dup/vec4;
    %pushi/vec4 19, 0, 5;
    %cmp/u;
    %jmp/1 T_7.5, 6;
    %dup/vec4;
    %pushi/vec4 20, 0, 5;
    %cmp/u;
    %jmp/1 T_7.6, 6;
    %dup/vec4;
    %pushi/vec4 21, 0, 5;
    %cmp/u;
    %jmp/1 T_7.7, 6;
    %dup/vec4;
    %pushi/vec4 22, 0, 5;
    %cmp/u;
    %jmp/1 T_7.8, 6;
    %dup/vec4;
    %pushi/vec4 23, 0, 5;
    %cmp/u;
    %jmp/1 T_7.9, 6;
    %jmp T_7.10;
T_7.2 ;
    %load/vec4 v0x55e7c24611e0_0;
    %store/vec4 v0x55e7c2460d50_0, 0, 32;
    %jmp T_7.10;
T_7.3 ;
    %load/vec4 v0x55e7c24612c0_0;
    %store/vec4 v0x55e7c2460d50_0, 0, 32;
    %jmp T_7.10;
T_7.4 ;
    %load/vec4 v0x55e7c24613a0_0;
    %store/vec4 v0x55e7c2460d50_0, 0, 32;
    %jmp T_7.10;
T_7.5 ;
    %load/vec4 v0x55e7c2461480_0;
    %store/vec4 v0x55e7c2460d50_0, 0, 32;
    %jmp T_7.10;
T_7.6 ;
    %load/vec4 v0x55e7c2461560_0;
    %store/vec4 v0x55e7c2460d50_0, 0, 32;
    %jmp T_7.10;
T_7.7 ;
    %load/vec4 v0x55e7c2461640_0;
    %store/vec4 v0x55e7c2460d50_0, 0, 32;
    %jmp T_7.10;
T_7.8 ;
    %load/vec4 v0x55e7c2461720_0;
    %store/vec4 v0x55e7c2460d50_0, 0, 32;
    %jmp T_7.10;
T_7.9 ;
    %load/vec4 v0x55e7c2461800_0;
    %store/vec4 v0x55e7c2460d50_0, 0, 32;
    %jmp T_7.10;
T_7.10 ;
    %pop/vec4 1;
    %load/vec4 v0x55e7c2460fc0_0;
    %dup/vec4;
    %pushi/vec4 16, 0, 5;
    %cmp/u;
    %jmp/1 T_7.11, 6;
    %dup/vec4;
    %pushi/vec4 17, 0, 5;
    %cmp/u;
    %jmp/1 T_7.12, 6;
    %dup/vec4;
    %pushi/vec4 18, 0, 5;
    %cmp/u;
    %jmp/1 T_7.13, 6;
    %dup/vec4;
    %pushi/vec4 19, 0, 5;
    %cmp/u;
    %jmp/1 T_7.14, 6;
    %dup/vec4;
    %pushi/vec4 20, 0, 5;
    %cmp/u;
    %jmp/1 T_7.15, 6;
    %dup/vec4;
    %pushi/vec4 21, 0, 5;
    %cmp/u;
    %jmp/1 T_7.16, 6;
    %dup/vec4;
    %pushi/vec4 22, 0, 5;
    %cmp/u;
    %jmp/1 T_7.17, 6;
    %dup/vec4;
    %pushi/vec4 23, 0, 5;
    %cmp/u;
    %jmp/1 T_7.18, 6;
    %jmp T_7.19;
T_7.11 ;
    %load/vec4 v0x55e7c24611e0_0;
    %store/vec4 v0x55e7c2460e60_0, 0, 32;
    %jmp T_7.19;
T_7.12 ;
    %load/vec4 v0x55e7c24612c0_0;
    %store/vec4 v0x55e7c2460e60_0, 0, 32;
    %jmp T_7.19;
T_7.13 ;
    %load/vec4 v0x55e7c24613a0_0;
    %store/vec4 v0x55e7c2460e60_0, 0, 32;
    %jmp T_7.19;
T_7.14 ;
    %load/vec4 v0x55e7c2461480_0;
    %store/vec4 v0x55e7c2460e60_0, 0, 32;
    %jmp T_7.19;
T_7.15 ;
    %load/vec4 v0x55e7c2461560_0;
    %store/vec4 v0x55e7c2460e60_0, 0, 32;
    %jmp T_7.19;
T_7.16 ;
    %load/vec4 v0x55e7c2461640_0;
    %store/vec4 v0x55e7c2460e60_0, 0, 32;
    %jmp T_7.19;
T_7.17 ;
    %load/vec4 v0x55e7c2461720_0;
    %store/vec4 v0x55e7c2460e60_0, 0, 32;
    %jmp T_7.19;
T_7.18 ;
    %load/vec4 v0x55e7c2461800_0;
    %store/vec4 v0x55e7c2460e60_0, 0, 32;
    %jmp T_7.19;
T_7.19 ;
    %pop/vec4 1;
    %jmp T_7.1;
T_7.0 ;
    %load/vec4 v0x55e7c2460b80_0;
    %pad/u 32;
    %pushi/vec4 0, 0, 32;
    %cmp/e;
    %flag_get/vec4 4;
    %load/vec4 v0x55e7c24610f0_0;
    %pad/u 32;
    %pushi/vec4 1, 0, 32;
    %cmp/e;
    %flag_get/vec4 4;
    %and;
    %flag_set/vec4 8;
    %jmp/0xz  T_7.20, 8;
    %load/vec4 v0x55e7c24619a0_0;
    %dup/vec4;
    %pushi/vec4 16, 0, 5;
    %cmp/u;
    %jmp/1 T_7.22, 6;
    %dup/vec4;
    %pushi/vec4 17, 0, 5;
    %cmp/u;
    %jmp/1 T_7.23, 6;
    %dup/vec4;
    %pushi/vec4 18, 0, 5;
    %cmp/u;
    %jmp/1 T_7.24, 6;
    %dup/vec4;
    %pushi/vec4 19, 0, 5;
    %cmp/u;
    %jmp/1 T_7.25, 6;
    %dup/vec4;
    %pushi/vec4 20, 0, 5;
    %cmp/u;
    %jmp/1 T_7.26, 6;
    %dup/vec4;
    %pushi/vec4 21, 0, 5;
    %cmp/u;
    %jmp/1 T_7.27, 6;
    %dup/vec4;
    %pushi/vec4 22, 0, 5;
    %cmp/u;
    %jmp/1 T_7.28, 6;
    %dup/vec4;
    %pushi/vec4 23, 0, 5;
    %cmp/u;
    %jmp/1 T_7.29, 6;
    %jmp T_7.30;
T_7.22 ;
    %load/vec4 v0x55e7c24618e0_0;
    %store/vec4 v0x55e7c24611e0_0, 0, 32;
    %jmp T_7.30;
T_7.23 ;
    %load/vec4 v0x55e7c24618e0_0;
    %store/vec4 v0x55e7c24612c0_0, 0, 32;
    %jmp T_7.30;
T_7.24 ;
    %load/vec4 v0x55e7c24618e0_0;
    %store/vec4 v0x55e7c24613a0_0, 0, 32;
    %jmp T_7.30;
T_7.25 ;
    %load/vec4 v0x55e7c24618e0_0;
    %store/vec4 v0x55e7c2461480_0, 0, 32;
    %jmp T_7.30;
T_7.26 ;
    %load/vec4 v0x55e7c24618e0_0;
    %store/vec4 v0x55e7c2461560_0, 0, 32;
    %jmp T_7.30;
T_7.27 ;
    %load/vec4 v0x55e7c24618e0_0;
    %store/vec4 v0x55e7c2461640_0, 0, 32;
    %jmp T_7.30;
T_7.28 ;
    %load/vec4 v0x55e7c24618e0_0;
    %store/vec4 v0x55e7c2461720_0, 0, 32;
    %jmp T_7.30;
T_7.29 ;
    %load/vec4 v0x55e7c24618e0_0;
    %store/vec4 v0x55e7c2461800_0, 0, 32;
    %jmp T_7.30;
T_7.30 ;
    %pop/vec4 1;
T_7.20 ;
T_7.1 ;
    %jmp T_7;
    .thread T_7, $push;
    .scope S_0x55e7c24588d0;
T_8 ;
    %wait E_0x55e7c23581b0;
    %load/vec4 v0x55e7c2458d80_0;
    %dup/vec4;
    %pushi/vec4 0, 0, 6;
    %cmp/u;
    %jmp/1 T_8.0, 6;
    %dup/vec4;
    %pushi/vec4 35, 0, 6;
    %cmp/u;
    %jmp/1 T_8.1, 6;
    %dup/vec4;
    %pushi/vec4 43, 0, 6;
    %cmp/u;
    %jmp/1 T_8.2, 6;
    %dup/vec4;
    %pushi/vec4 4, 0, 6;
    %cmp/u;
    %jmp/1 T_8.3, 6;
    %jmp T_8.4;
T_8.0 ;
    %pushi/vec4 10, 0, 4;
    %store/vec4 v0x55e7c2458ba0_0, 0, 4;
    %pushi/vec4 2, 0, 2;
    %store/vec4 v0x55e7c2458e40_0, 0, 2;
    %pushi/vec4 0, 0, 3;
    %store/vec4 v0x55e7c2458ca0_0, 0, 3;
    %jmp T_8.4;
T_8.1 ;
    %pushi/vec4 4, 0, 4;
    %store/vec4 v0x55e7c2458ba0_0, 0, 4;
    %pushi/vec4 3, 0, 2;
    %store/vec4 v0x55e7c2458e40_0, 0, 2;
    %pushi/vec4 2, 0, 3;
    %store/vec4 v0x55e7c2458ca0_0, 0, 3;
    %jmp T_8.4;
T_8.2 ;
    %pushi/vec4 4, 0, 4;
    %store/vec4 v0x55e7c2458ba0_0, 0, 4;
    %pushi/vec4 0, 0, 2;
    %store/vec4 v0x55e7c2458e40_0, 0, 2;
    %pushi/vec4 1, 0, 3;
    %store/vec4 v0x55e7c2458ca0_0, 0, 3;
    %jmp T_8.4;
T_8.3 ;
    %pushi/vec4 1, 0, 4;
    %store/vec4 v0x55e7c2458ba0_0, 0, 4;
    %pushi/vec4 2, 0, 2;
    %store/vec4 v0x55e7c2458e40_0, 0, 2;
    %pushi/vec4 4, 0, 3;
    %store/vec4 v0x55e7c2458ca0_0, 0, 3;
    %jmp T_8.4;
T_8.4 ;
    %pop/vec4 1;
    %jmp T_8;
    .thread T_8, $push;
    .scope S_0x55e7c245c090;
T_9 ;
    %wait E_0x55e7c23df4d0;
    %load/vec4 v0x55e7c245ceb0_0;
    %assign/vec4 v0x55e7c245cf70_0, 0;
    %load/vec4 v0x55e7c245d060_0;
    %assign/vec4 v0x55e7c245d130_0, 0;
    %load/vec4 v0x55e7c245d1f0_0;
    %assign/vec4 v0x55e7c245d2d0_0, 0;
    %load/vec4 v0x55e7c245c740_0;
    %pad/u 32;
    %assign/vec4 v0x55e7c245c850_0, 0;
    %load/vec4 v0x55e7c245c910_0;
    %assign/vec4 v0x55e7c245c9d0_0, 0;
    %load/vec4 v0x55e7c245cac0_0;
    %assign/vec4 v0x55e7c245cc10_0, 0;
    %load/vec4 v0x55e7c245d460_0;
    %assign/vec4 v0x55e7c245d550_0, 0;
    %load/vec4 v0x55e7c245ccf0_0;
    %assign/vec4 v0x55e7c245cde0_0, 0;
    %load/vec4 v0x55e7c245c670_0;
    %parti/s 2, 0, 2;
    %assign/vec4 v0x55e7c245c410_0, 0;
    %load/vec4 v0x55e7c245c670_0;
    %parti/s 1, 2, 3;
    %assign/vec4 v0x55e7c245c500_0, 0;
    %load/vec4 v0x55e7c245c670_0;
    %parti/s 1, 3, 3;
    %assign/vec4 v0x55e7c245d3c0_0, 0;
    %jmp T_9;
    .thread T_9;
    .scope S_0x55e7c2458260;
T_10 ;
    %wait E_0x55e7c23df4d0;
    %load/vec4 v0x55e7c2458590_0;
    %load/vec4 v0x55e7c2458650_0;
    %add;
    %store/vec4 v0x55e7c2458740_0, 0, 32;
    %jmp T_10;
    .thread T_10;
    .scope S_0x55e7c245df60;
T_11 ;
    %wait E_0x55e7c245e1a0;
    %load/vec4 v0x55e7c245e500_0;
    %cmpi/e 0, 0, 1;
    %jmp/0xz  T_11.0, 4;
    %load/vec4 v0x55e7c245e220_0;
    %store/vec4 v0x55e7c245e460_0, 0, 32;
    %jmp T_11.1;
T_11.0 ;
    %load/vec4 v0x55e7c245e350_0;
    %store/vec4 v0x55e7c245e460_0, 0, 32;
T_11.1 ;
    %jmp T_11;
    .thread T_11, $push;
    .scope S_0x55e7c2456ec0;
T_12 ;
    %wait E_0x55e7c23debe0;
    %load/vec4 v0x55e7c2457160_0;
    %dup/vec4;
    %pushi/vec4 0, 0, 2;
    %cmp/u;
    %jmp/1 T_12.0, 6;
    %dup/vec4;
    %pushi/vec4 1, 0, 2;
    %cmp/u;
    %jmp/1 T_12.1, 6;
    %dup/vec4;
    %pushi/vec4 2, 0, 2;
    %cmp/u;
    %jmp/1 T_12.2, 6;
    %jmp T_12.3;
T_12.0 ;
    %pushi/vec4 2, 0, 4;
    %store/vec4 v0x55e7c2457340_0, 0, 4;
    %jmp T_12.3;
T_12.1 ;
    %pushi/vec4 3, 0, 4;
    %store/vec4 v0x55e7c2457340_0, 0, 4;
    %jmp T_12.3;
T_12.2 ;
    %load/vec4 v0x55e7c2457260_0;
    %dup/vec4;
    %pushi/vec4 32, 0, 6;
    %cmp/u;
    %jmp/1 T_12.4, 6;
    %dup/vec4;
    %pushi/vec4 34, 0, 6;
    %cmp/u;
    %jmp/1 T_12.5, 6;
    %dup/vec4;
    %pushi/vec4 36, 0, 6;
    %cmp/u;
    %jmp/1 T_12.6, 6;
    %dup/vec4;
    %pushi/vec4 37, 0, 6;
    %cmp/u;
    %jmp/1 T_12.7, 6;
    %jmp T_12.8;
T_12.4 ;
    %pushi/vec4 2, 0, 4;
    %store/vec4 v0x55e7c2457340_0, 0, 4;
    %jmp T_12.8;
T_12.5 ;
    %pushi/vec4 3, 0, 4;
    %store/vec4 v0x55e7c2457340_0, 0, 4;
    %jmp T_12.8;
T_12.6 ;
    %pushi/vec4 0, 0, 4;
    %store/vec4 v0x55e7c2457340_0, 0, 4;
    %jmp T_12.8;
T_12.7 ;
    %pushi/vec4 1, 0, 4;
    %store/vec4 v0x55e7c2457340_0, 0, 4;
    %jmp T_12.8;
T_12.8 ;
    %pop/vec4 1;
    %jmp T_12.3;
T_12.3 ;
    %pop/vec4 1;
    %jmp T_12;
    .thread T_12, $push;
    .scope S_0x55e7c2457480;
T_13 ;
    %wait E_0x55e7c23dee20;
    %load/vec4 v0x55e7c2457670_0;
    %dup/vec4;
    %pushi/vec4 2, 0, 4;
    %cmp/u;
    %jmp/1 T_13.0, 6;
    %dup/vec4;
    %pushi/vec4 3, 0, 4;
    %cmp/u;
    %jmp/1 T_13.1, 6;
    %dup/vec4;
    %pushi/vec4 0, 0, 4;
    %cmp/u;
    %jmp/1 T_13.2, 6;
    %dup/vec4;
    %pushi/vec4 1, 0, 4;
    %cmp/u;
    %jmp/1 T_13.3, 6;
    %jmp T_13.4;
T_13.0 ;
    %load/vec4 v0x55e7c2457750_0;
    %load/vec4 v0x55e7c2457810_0;
    %add;
    %store/vec4 v0x55e7c2457900_0, 0, 32;
    %jmp T_13.4;
T_13.1 ;
    %load/vec4 v0x55e7c2457750_0;
    %load/vec4 v0x55e7c2457810_0;
    %sub;
    %store/vec4 v0x55e7c2457900_0, 0, 32;
    %jmp T_13.4;
T_13.2 ;
    %load/vec4 v0x55e7c2457750_0;
    %load/vec4 v0x55e7c2457810_0;
    %mul;
    %store/vec4 v0x55e7c2457900_0, 0, 32;
    %jmp T_13.4;
T_13.3 ;
    %load/vec4 v0x55e7c2457750_0;
    %load/vec4 v0x55e7c2457810_0;
    %or;
    %store/vec4 v0x55e7c2457900_0, 0, 32;
    %jmp T_13.4;
T_13.4 ;
    %pop/vec4 1;
    %load/vec4 v0x55e7c2457900_0;
    %cmpi/e 0, 0, 32;
    %jmp/0xz  T_13.5, 4;
    %pushi/vec4 1, 0, 1;
    %store/vec4 v0x55e7c24579e0_0, 0, 1;
T_13.5 ;
    %jmp T_13;
    .thread T_13, $push;
    .scope S_0x55e7c245ae50;
T_14 ;
    %wait E_0x55e7c2440640;
    %load/vec4 v0x55e7c245b2a0_0;
    %load/vec4 v0x55e7c245b1c0_0;
    %pad/u 32;
    %pushi/vec4 0, 0, 32;
    %cmp/e;
    %flag_get/vec4 4;
    %inv;
    %and;
    %load/vec4 v0x55e7c245b1c0_0;
    %load/vec4 v0x55e7c245b6d0_0;
    %cmp/e;
    %flag_get/vec4 4;
    %and;
    %flag_set/vec4 8;
    %jmp/0xz  T_14.0, 8;
    %pushi/vec4 2, 0, 2;
    %store/vec4 v0x55e7c245b370_0, 0, 2;
    %jmp T_14.1;
T_14.0 ;
    %load/vec4 v0x55e7c245b610_0;
    %load/vec4 v0x55e7c245b530_0;
    %pad/u 32;
    %pushi/vec4 0, 0, 32;
    %cmp/e;
    %flag_get/vec4 4;
    %inv;
    %and;
    %load/vec4 v0x55e7c245b2a0_0;
    %load/vec4 v0x55e7c245b1c0_0;
    %pad/u 32;
    %pushi/vec4 0, 0, 32;
    %cmp/e;
    %flag_get/vec4 4;
    %inv;
    %and;
    %load/vec4 v0x55e7c245b1c0_0;
    %load/vec4 v0x55e7c245b6d0_0;
    %cmp/e;
    %flag_get/vec4 4;
    %inv;
    %and;
    %nor/r;
    %and;
    %load/vec4 v0x55e7c245b530_0;
    %load/vec4 v0x55e7c245b6d0_0;
    %cmp/e;
    %flag_get/vec4 4;
    %and;
    %flag_set/vec4 8;
    %jmp/0xz  T_14.2, 8;
    %pushi/vec4 1, 0, 2;
    %store/vec4 v0x55e7c245b370_0, 0, 2;
T_14.2 ;
T_14.1 ;
    %load/vec4 v0x55e7c245b2a0_0;
    %load/vec4 v0x55e7c245b1c0_0;
    %pad/u 32;
    %pushi/vec4 0, 0, 32;
    %cmp/e;
    %flag_get/vec4 4;
    %inv;
    %and;
    %load/vec4 v0x55e7c245b1c0_0;
    %load/vec4 v0x55e7c245b7b0_0;
    %cmp/e;
    %flag_get/vec4 4;
    %and;
    %flag_set/vec4 8;
    %jmp/0xz  T_14.4, 8;
    %pushi/vec4 2, 0, 2;
    %store/vec4 v0x55e7c245b450_0, 0, 2;
    %jmp T_14.5;
T_14.4 ;
    %load/vec4 v0x55e7c245b610_0;
    %load/vec4 v0x55e7c245b530_0;
    %pad/u 32;
    %pushi/vec4 0, 0, 32;
    %cmp/e;
    %flag_get/vec4 4;
    %inv;
    %and;
    %load/vec4 v0x55e7c245b2a0_0;
    %load/vec4 v0x55e7c245b1c0_0;
    %pad/u 32;
    %pushi/vec4 0, 0, 32;
    %cmp/e;
    %flag_get/vec4 4;
    %inv;
    %and;
    %load/vec4 v0x55e7c245b1c0_0;
    %load/vec4 v0x55e7c245b7b0_0;
    %cmp/e;
    %flag_get/vec4 4;
    %inv;
    %and;
    %nor/r;
    %and;
    %load/vec4 v0x55e7c245b530_0;
    %load/vec4 v0x55e7c245b7b0_0;
    %cmp/e;
    %flag_get/vec4 4;
    %and;
    %flag_set/vec4 8;
    %jmp/0xz  T_14.6, 8;
    %pushi/vec4 1, 0, 2;
    %store/vec4 v0x55e7c245b450_0, 0, 2;
T_14.6 ;
T_14.5 ;
    %jmp T_14;
    .thread T_14, $push;
    .scope S_0x55e7c245e640;
T_15 ;
    %wait E_0x55e7c245e880;
    %load/vec4 v0x55e7c245ebf0_0;
    %pad/u 32;
    %cmpi/e 0, 0, 32;
    %jmp/0xz  T_15.0, 4;
    %load/vec4 v0x55e7c245e900_0;
    %store/vec4 v0x55e7c245eaf0_0, 0, 5;
    %jmp T_15.1;
T_15.0 ;
    %load/vec4 v0x55e7c245ea30_0;
    %store/vec4 v0x55e7c245eaf0_0, 0, 5;
T_15.1 ;
    %jmp T_15;
    .thread T_15, $push;
    .scope S_0x55e7c2459a80;
T_16 ;
    %wait E_0x55e7c23df4d0;
    %load/vec4 v0x55e7c245a590_0;
    %assign/vec4 v0x55e7c245a670_0, 0;
    %load/vec4 v0x55e7c245a1d0_0;
    %parti/s 1, 2, 3;
    %assign/vec4 v0x55e7c2459f70_0, 0;
    %load/vec4 v0x55e7c245a1d0_0;
    %parti/s 1, 1, 2;
    %assign/vec4 v0x55e7c245a2b0_0, 0;
    %load/vec4 v0x55e7c245a1d0_0;
    %parti/s 1, 0, 2;
    %assign/vec4 v0x55e7c245a350_0, 0;
    %load/vec4 v0x55e7c245a420_0;
    %assign/vec4 v0x55e7c245a4f0_0, 0;
    %load/vec4 v0x55e7c245aae0_0;
    %assign/vec4 v0x55e7c245abb0_0, 0;
    %load/vec4 v0x55e7c2459df0_0;
    %assign/vec4 v0x55e7c2459ed0_0, 0;
    %load/vec4 v0x55e7c245a910_0;
    %assign/vec4 v0x55e7c245a9f0_0, 0;
    %load/vec4 v0x55e7c245a750_0;
    %assign/vec4 v0x55e7c245a830_0, 0;
    %jmp T_16;
    .thread T_16;
    .scope S_0x55e7c2458fd0;
T_17 ;
    %pushi/vec4 6, 0, 32;
    %ix/load 4, 0, 0;
    %flag_set/imm 4, 0;
    %store/vec4a v0x55e7c2459530, 4, 0;
    %pushi/vec4 2, 0, 32;
    %ix/load 4, 1, 0;
    %flag_set/imm 4, 0;
    %store/vec4a v0x55e7c2459530, 4, 0;
    %pushi/vec4 3, 0, 32;
    %ix/load 4, 2, 0;
    %flag_set/imm 4, 0;
    %store/vec4a v0x55e7c2459530, 4, 0;
    %pushi/vec4 5, 0, 32;
    %ix/load 4, 3, 0;
    %flag_set/imm 4, 0;
    %store/vec4a v0x55e7c2459530, 4, 0;
    %pushi/vec4 5, 0, 32;
    %ix/load 4, 4, 0;
    %flag_set/imm 4, 0;
    %store/vec4a v0x55e7c2459530, 4, 0;
    %pushi/vec4 4, 0, 32;
    %ix/load 4, 5, 0;
    %flag_set/imm 4, 0;
    %store/vec4a v0x55e7c2459530, 4, 0;
    %pushi/vec4 5, 0, 32;
    %ix/load 4, 6, 0;
    %flag_set/imm 4, 0;
    %store/vec4a v0x55e7c2459530, 4, 0;
    %pushi/vec4 6, 0, 32;
    %ix/load 4, 7, 0;
    %flag_set/imm 4, 0;
    %store/vec4a v0x55e7c2459530, 4, 0;
    %pushi/vec4 5, 0, 32;
    %ix/load 4, 8, 0;
    %flag_set/imm 4, 0;
    %store/vec4a v0x55e7c2459530, 4, 0;
    %pushi/vec4 7, 0, 32;
    %ix/load 4, 9, 0;
    %flag_set/imm 4, 0;
    %store/vec4a v0x55e7c2459530, 4, 0;
    %pushi/vec4 2, 0, 32;
    %ix/load 4, 10, 0;
    %flag_set/imm 4, 0;
    %store/vec4a v0x55e7c2459530, 4, 0;
    %pushi/vec4 2, 0, 32;
    %ix/load 4, 11, 0;
    %flag_set/imm 4, 0;
    %store/vec4a v0x55e7c2459530, 4, 0;
    %pushi/vec4 5, 0, 32;
    %ix/load 4, 12, 0;
    %flag_set/imm 4, 0;
    %store/vec4a v0x55e7c2459530, 4, 0;
    %pushi/vec4 2, 0, 32;
    %ix/load 4, 13, 0;
    %flag_set/imm 4, 0;
    %store/vec4a v0x55e7c2459530, 4, 0;
    %pushi/vec4 5, 0, 32;
    %ix/load 4, 14, 0;
    %flag_set/imm 4, 0;
    %store/vec4a v0x55e7c2459530, 4, 0;
    %pushi/vec4 3, 0, 32;
    %ix/load 4, 15, 0;
    %flag_set/imm 4, 0;
    %store/vec4a v0x55e7c2459530, 4, 0;
    %pushi/vec4 5, 0, 32;
    %ix/load 4, 16, 0;
    %flag_set/imm 4, 0;
    %store/vec4a v0x55e7c2459530, 4, 0;
    %pushi/vec4 8, 0, 32;
    %ix/load 4, 17, 0;
    %flag_set/imm 4, 0;
    %store/vec4a v0x55e7c2459530, 4, 0;
    %end;
    .thread T_17;
    .scope S_0x55e7c2458fd0;
T_18 ;
    %pushi/vec4 0, 0, 32;
    %store/vec4 v0x55e7c2459490_0, 0, 32;
    %end;
    .thread T_18;
    .scope S_0x55e7c2458fd0;
T_19 ;
    %wait E_0x55e7c2440640;
    %load/vec4 v0x55e7c2459490_0;
    %pushi/vec4 1, 0, 32;
    %add;
    %store/vec4 v0x55e7c2459490_0, 0, 32;
    %load/vec4 v0x55e7c2459380_0;
    %pad/u 32;
    %pushi/vec4 0, 0, 32;
    %cmp/e;
    %flag_get/vec4 4;
    %load/vec4 v0x55e7c2459700_0;
    %pad/u 32;
    %pushi/vec4 1, 0, 32;
    %cmp/e;
    %flag_get/vec4 4;
    %and;
    %flag_set/vec4 8;
    %jmp/0xz  T_19.0, 8;
    %load/vec4 v0x55e7c24598a0_0;
    %ix/getv 4, v0x55e7c2459280_0;
    %store/vec4a v0x55e7c2459530, 4, 0;
    %jmp T_19.1;
T_19.0 ;
    %load/vec4 v0x55e7c24595f0_0;
    %pad/u 32;
    %pushi/vec4 1, 0, 32;
    %cmp/e;
    %flag_get/vec4 4;
    %load/vec4 v0x55e7c2459380_0;
    %pad/u 32;
    %pushi/vec4 1, 0, 32;
    %cmp/e;
    %flag_get/vec4 4;
    %and;
    %flag_set/vec4 8;
    %jmp/0xz  T_19.2, 8;
    %ix/getv 4, v0x55e7c2459280_0;
    %load/vec4a v0x55e7c2459530, 4;
    %store/vec4 v0x55e7c24597c0_0, 0, 32;
T_19.2 ;
T_19.1 ;
    %load/vec4 v0x55e7c2459490_0;
    %cmpi/e 6000, 0, 32;
    %jmp/0xz  T_19.4, 4;
    %vpi_call 7 47 "$display", "final_matrix =  ", &A<v0x55e7c2459530, 18>, &A<v0x55e7c2459530, 19>, &A<v0x55e7c2459530, 20>, &A<v0x55e7c2459530, 21>, &A<v0x55e7c2459530, 22>, &A<v0x55e7c2459530, 23>, &A<v0x55e7c2459530, 24>, &A<v0x55e7c2459530, 25>, &A<v0x55e7c2459530, 26> {0 0 0};
T_19.4 ;
    %jmp T_19;
    .thread T_19, $push;
    .scope S_0x55e7c245f410;
T_20 ;
    %wait E_0x55e7c23df4d0;
    %load/vec4 v0x55e7c245fcd0_0;
    %parti/s 1, 0, 2;
    %store/vec4 v0x55e7c245f970_0, 0, 1;
    %load/vec4 v0x55e7c245fcd0_0;
    %parti/s 1, 1, 2;
    %store/vec4 v0x55e7c245fc00_0, 0, 1;
    %load/vec4 v0x55e7c245f6e0_0;
    %store/vec4 v0x55e7c245f810_0, 0, 32;
    %load/vec4 v0x55e7c245fa40_0;
    %store/vec4 v0x55e7c245fb30_0, 0, 32;
    %load/vec4 v0x55e7c245fdc0_0;
    %store/vec4 v0x55e7c245fe60_0, 0, 5;
    %jmp T_20;
    .thread T_20;
    .scope S_0x55e7c245ed10;
T_21 ;
    %wait E_0x55e7c245ef50;
    %load/vec4 v0x55e7c245f2a0_0;
    %cmpi/e 0, 0, 1;
    %jmp/0xz  T_21.0, 4;
    %load/vec4 v0x55e7c245efd0_0;
    %store/vec4 v0x55e7c245f1b0_0, 0, 32;
    %jmp T_21.1;
T_21.0 ;
    %load/vec4 v0x55e7c245f0d0_0;
    %store/vec4 v0x55e7c245f1b0_0, 0, 32;
T_21.1 ;
    %jmp T_21;
    .thread T_21, $push;
    .scope S_0x55e7c2456d00;
T_22 ;
    %wait E_0x55e7c23df4d0;
    %load/vec4 v0x55e7c24631d0_0;
    %pad/u 32;
    %cmpi/e 1, 0, 32;
    %flag_mov 8, 4;
    %load/vec4 v0x55e7c24631d0_0;
    %pad/u 32;
    %cmpi/e 0, 0, 32;
    %flag_or 4, 8;
    %jmp/0xz  T_22.0, 4;
    %load/vec4 v0x55e7c2463050_0;
    %store/vec4 v0x55e7c2463110_0, 0, 32;
T_22.0 ;
    %jmp T_22;
    .thread T_22;
    .scope S_0x55e7c2456d00;
T_23 ;
    %load/vec4 v0x55e7c2463270_0;
    %store/vec4 v0x55e7c2463110_0, 0, 32;
    %end;
    .thread T_23;
    .scope S_0x55e7c2456d00;
T_24 ;
    %wait E_0x55e7c23df4d0;
    %load/vec4 v0x55e7c24625c0_0;
    %store/vec4 v0x55e7c24624e0_0, 0, 2;
    %load/vec4 v0x55e7c2462740_0;
    %store/vec4 v0x55e7c2462680_0, 0, 2;
    %jmp T_24;
    .thread T_24;
    .scope S_0x55e7c2456d00;
T_25 ;
    %pushi/vec4 0, 0, 2;
    %store/vec4 v0x55e7c24624e0_0, 0, 2;
    %pushi/vec4 0, 0, 2;
    %store/vec4 v0x55e7c2462680_0, 0, 2;
    %end;
    .thread T_25;
    .scope S_0x55e7c2430ad0;
T_26 ;
    %pushi/vec4 0, 0, 1;
    %store/vec4 v0x55e7c2464bc0_0, 0, 1;
    %end;
    .thread T_26;
    .scope S_0x55e7c2430ad0;
T_27 ;
    %delay 3, 0;
    %load/vec4 v0x55e7c2464bc0_0;
    %inv;
    %store/vec4 v0x55e7c2464bc0_0, 0, 1;
    %jmp T_27;
    .thread T_27;
    .scope S_0x55e7c2430ad0;
T_28 ;
    %delay 20000, 0;
    %vpi_call 3 14 "$finish" {0 0 0};
    %end;
    .thread T_28;
    .scope S_0x55e7c2430730;
T_29 ;
    %wait E_0x55e7c2464c60;
    %load/vec4 v0x55e7c2464f60_0;
    %cmpi/e 0, 0, 2;
    %jmp/0xz  T_29.0, 4;
    %load/vec4 v0x55e7c2464ea0_0;
    %store/vec4 v0x55e7c2464dc0_0, 0, 32;
    %jmp T_29.1;
T_29.0 ;
    %load/vec4 v0x55e7c2464f60_0;
    %cmpi/e 1, 0, 2;
    %jmp/0xz  T_29.2, 4;
    %load/vec4 v0x55e7c2465040_0;
    %store/vec4 v0x55e7c2464dc0_0, 0, 32;
    %jmp T_29.3;
T_29.2 ;
    %load/vec4 v0x55e7c2464cc0_0;
    %store/vec4 v0x55e7c2464dc0_0, 0, 32;
T_29.3 ;
T_29.1 ;
    %jmp T_29;
    .thread T_29, $push;
# The file index is used to find the file name in the following table.
:file_names 18;
    "N/A";
    "<interactive>";
    "mips_IMT2017503.v";
    "mips_tb_IMT2017503.v";
    "alu_control_IMT2017503.v";
    "alu_IMT2017503.v";
    "control_IMT2017503.v";
    "data_memory_IMT2017503.v";
    "ex_mem_pipe_reg_IMT2017503.v";
    "forwarding_unit.v";
    "instr_mem_file_IMT2017503.v";
    "id_ex_pipe_reg_IMT2017503.v";
    "mux_IMT2017503.v";
    "mux_5_bit_IMT2017503.v";
    "mem_wb_pipe_reg_IMT2017503.v";
    "if_id_pipe_reg_IMT2017503.v";
    "reg_file_IMT2017503.v";
    "mux_4_1.v";
